# JRE version: OpenJDK Runtime Environment (11.0.10) (build 11.0.10+0-b96-7249189)
# Java VM: OpenJDK 64-Bit Server VM (11.0.10+0-b96-7249189, mixed mode, tiered, compressed oops, g1 gc, windows-amd64)
Heap:
 garbage-first heap   total 157696K, used 64896K [0x0000000080000000, 0x0000000100000000)
  region size 1024K, 39 young (39936K), 8 survivors (8192K)
 Metaspace       used 47872K, capacity 49159K, committed 49276K, reserved 1091584K
  class space    used 6114K, capacity 6566K, committed 6656K, reserved 1048576K
GC Heap History (16 events):
Event: 2.859 GC heap before
{Heap before GC invocations=0 (full 0):
 garbage-first heap   total 131072K, used 29696K [0x0000000080000000, 0x0000000100000000)
  region size 1024K, 24 young (24576K), 0 survivors (0K)
 Metaspace       used 9827K, capacity 9990K, committed 10112K, reserved 1058816K
  class space    used 1021K, capacity 1102K, committed 1152K, reserved 1048576K
}
Event: 2.877 GC heap after
{Heap after GC invocations=1 (full 0):
 garbage-first heap   total 131072K, used 8936K [0x0000000080000000, 0x0000000100000000)
  region size 1024K, 3 young (3072K), 3 survivors (3072K)
 Metaspace       used 9827K, capacity 9990K, committed 10112K, reserved 1058816K
  class space    used 1021K, capacity 1102K, committed 1152K, reserved 1048576K
}
Event: 4.183 GC heap before
{Heap before GC invocations=1 (full 0):
 garbage-first heap   total 131072K, used 48872K [0x0000000080000000, 0x0000000100000000)
  region size 1024K, 42 young (43008K), 3 survivors (3072K)
 Metaspace       used 10879K, capacity 11091K, committed 11264K, reserved 1058816K
  class space    used 1137K, capacity 1214K, committed 1280K, reserved 1048576K
}
Event: 4.198 GC heap after
{Heap after GC invocations=2 (full 0):
 garbage-first heap   total 131072K, used 14077K [0x0000000080000000, 0x0000000100000000)
  region size 1024K, 6 young (6144K), 6 survivors (6144K)
 Metaspace       used 10879K, capacity 11091K, committed 11264K, reserved 1058816K
  class space    used 1137K, capacity 1214K, committed 1280K, reserved 1048576K
}
Event: 7.027 GC heap before
{Heap before GC invocations=2 (full 0):
 garbage-first heap   total 131072K, used 58109K [0x0000000080000000, 0x0000000100000000)
  region size 1024K, 49 young (50176K), 6 survivors (6144K)
 Metaspace       used 19088K, capacity 19520K, committed 19712K, reserved 1067008K
  class space    used 2310K, capacity 2436K, committed 2560K, reserved 1048576K
}
Event: 7.039 GC heap after
{Heap after GC invocations=3 (full 0):
 garbage-first heap   total 131072K, used 16446K [0x0000000080000000, 0x0000000100000000)
  region size 1024K, 7 young (7168K), 7 survivors (7168K)
 Metaspace       used 19088K, capacity 19520K, committed 19712K, reserved 1067008K
  class space    used 2310K, capacity 2436K, committed 2560K, reserved 1048576K
}
Event: 7.620 GC heap before
{Heap before GC invocations=3 (full 0):
 garbage-first heap   total 131072K, used 27710K [0x0000000080000000, 0x0000000100000000)
  region size 1024K, 19 young (19456K), 7 survivors (7168K)
 Metaspace       used 20616K, capacity 21154K, committed 21296K, reserved 1069056K
  class space    used 2513K, capacity 2688K, committed 2688K, reserved 1048576K
}
Event: 7.635 GC heap after
{Heap after GC invocations=4 (full 0):
 garbage-first heap   total 131072K, used 17199K [0x0000000080000000, 0x0000000100000000)
  region size 1024K, 4 young (4096K), 4 survivors (4096K)
 Metaspace       used 20616K, capacity 21154K, committed 21296K, reserved 1069056K
  class space    used 2513K, capacity 2688K, committed 2688K, reserved 1048576K
}
Event: 9.056 GC heap before
{Heap before GC invocations=5 (full 0):
 garbage-first heap   total 131072K, used 73519K [0x0000000080000000, 0x0000000100000000)
  region size 1024K, 59 young (60416K), 4 survivors (4096K)
 Metaspace       used 26113K, capacity 26753K, committed 26928K, reserved 1073152K
  class space    used 3425K, capacity 3666K, committed 3712K, reserved 1048576K
}
Event: 9.066 GC heap after
{Heap after GC invocations=6 (full 0):
 garbage-first heap   total 131072K, used 18942K [0x0000000080000000, 0x0000000100000000)
  region size 1024K, 5 young (5120K), 5 survivors (5120K)
 Metaspace       used 26113K, capacity 26753K, committed 26928K, reserved 1073152K
  class space    used 3425K, capacity 3666K, committed 3712K, reserved 1048576K
}
Event: 10.919 GC heap before
{Heap before GC invocations=6 (full 0):
 garbage-first heap   total 131072K, used 72190K [0x0000000080000000, 0x0000000100000000)
  region size 1024K, 59 young (60416K), 5 survivors (5120K)
 Metaspace       used 34815K, capacity 35610K, committed 35708K, reserved 1081344K
  class space    used 4528K, capacity 4832K, committed 4864K, reserved 1048576K
}
Event: 10.947 GC heap after
{Heap after GC invocations=7 (full 0):
 garbage-first heap   total 131072K, used 23146K [0x0000000080000000, 0x0000000100000000)
  region size 1024K, 10 young (10240K), 10 survivors (10240K)
 Metaspace       used 34815K, capacity 35610K, committed 35708K, reserved 1081344K
  class space    used 4528K, capacity 4832K, committed 4864K, reserved 1048576K
}
Event: 12.305 GC heap before
{Heap before GC invocations=8 (full 0):
 garbage-first heap   total 131072K, used 92778K [0x0000000080000000, 0x0000000100000000)
  region size 1024K, 75 young (76800K), 10 survivors (10240K)
 Metaspace       used 39759K, capacity 40693K, committed 40956K, reserved 1085440K
  class space    used 5092K, capacity 5455K, committed 5504K, reserved 1048576K
}
Event: 12.332 GC heap after
{Heap after GC invocations=9 (full 0):
 garbage-first heap   total 157696K, used 27312K [0x0000000080000000, 0x0000000100000000)
  region size 1024K, 9 young (9216K), 9 survivors (9216K)
 Metaspace       used 39759K, capacity 40693K, committed 40956K, reserved 1085440K
  class space    used 5092K, capacity 5455K, committed 5504K, reserved 1048576K
}
Event: 15.370 GC heap before
{Heap before GC invocations=9 (full 0):
 garbage-first heap   total 157696K, used 113328K [0x0000000080000000, 0x0000000100000000)
  region size 1024K, 92 young (94208K), 9 survivors (9216K)
 Metaspace       used 46662K, capacity 47965K, committed 48124K, reserved 1091584K
  class space    used 5971K, capacity 6422K, committed 6528K, reserved 1048576K
}
Event: 15.393 GC heap after
{Heap after GC invocations=10 (full 0):
 garbage-first heap   total 157696K, used 30080K [0x0000000080000000, 0x0000000100000000)
  region size 1024K, 8 young (8192K), 8 survivors (8192K)
 Metaspace       used 46662K, capacity 47965K, committed 48124K, reserved 1091584K
  class space    used 5971K, capacity 6422K, committed 6528K, reserved 1048576K
}

