# JRE version: OpenJDK Runtime Environment (11.0.10) (build 11.0.10+0-b96-7249189)
# Java VM: OpenJDK 64-Bit Server VM (11.0.10+0-b96-7249189, mixed mode, tiered, compressed oops, g1 gc, windows-amd64)
Heap:
 garbage-first heap   total 189440K, used 94440K [0x0000000080000000, 0x0000000100000000)
  region size 1024K, 3 young (3072K), 2 survivors (2048K)
 Metaspace       used 108103K, capacity 110978K, committed 111308K, reserved 1144832K
  class space    used 13849K, capacity 14975K, committed 15052K, reserved 1048576K
GC Heap History (20 events):
Event: 30.991 GC heap before
{Heap before GC invocations=17 (full 0):
 garbage-first heap   total 189440K, used 141905K [0x0000000080000000, 0x0000000100000000)
  region size 1024K, 89 young (91136K), 9 survivors (9216K)
 Metaspace       used 80412K, capacity 82506K, committed 82764K, reserved 1120256K
  class space    used 10473K, capacity 11228K, committed 11340K, reserved 1048576K
}
Event: 31.139 GC heap after
{Heap after GC invocations=18 (full 0):
 garbage-first heap   total 189440K, used 73970K [0x0000000080000000, 0x0000000100000000)
  region size 1024K, 12 young (12288K), 12 survivors (12288K)
 Metaspace       used 80412K, capacity 82506K, committed 82764K, reserved 1120256K
  class space    used 10473K, capacity 11228K, committed 11340K, reserved 1048576K
}
Event: 33.745 GC heap before
{Heap before GC invocations=18 (full 0):
 garbage-first heap   total 189440K, used 156914K [0x0000000080000000, 0x0000000100000000)
  region size 1024K, 79 young (80896K), 12 survivors (12288K)
 Metaspace       used 83109K, capacity 85306K, committed 85580K, reserved 1124352K
  class space    used 10741K, capacity 11524K, committed 11596K, reserved 1048576K
}
Event: 33.783 GC heap after
{Heap after GC invocations=19 (full 0):
 garbage-first heap   total 189440K, used 79076K [0x0000000080000000, 0x0000000100000000)
  region size 1024K, 5 young (5120K), 5 survivors (5120K)
 Metaspace       used 83109K, capacity 85306K, committed 85580K, reserved 1124352K
  class space    used 10741K, capacity 11524K, committed 11596K, reserved 1048576K
}
Event: 34.969 GC heap before
{Heap before GC invocations=19 (full 0):
 garbage-first heap   total 189440K, used 145636K [0x0000000080000000, 0x0000000100000000)
  region size 1024K, 71 young (72704K), 5 survivors (5120K)
 Metaspace       used 85209K, capacity 87385K, committed 87628K, reserved 1124352K
  class space    used 10995K, capacity 11803K, committed 11852K, reserved 1048576K
}
Event: 34.995 GC heap after
{Heap after GC invocations=20 (full 0):
 garbage-first heap   total 189440K, used 81273K [0x0000000080000000, 0x0000000100000000)
  region size 1024K, 7 young (7168K), 7 survivors (7168K)
 Metaspace       used 85209K, capacity 87385K, committed 87628K, reserved 1124352K
  class space    used 10995K, capacity 11803K, committed 11852K, reserved 1048576K
}
Event: 42.982 GC heap before
{Heap before GC invocations=20 (full 0):
 garbage-first heap   total 189440K, used 147833K [0x0000000080000000, 0x0000000100000000)
  region size 1024K, 73 young (74752K), 7 survivors (7168K)
 Metaspace       used 88245K, capacity 90471K, committed 90572K, reserved 1128448K
  class space    used 11332K, capacity 12146K, committed 12236K, reserved 1048576K
}
Event: 43.010 GC heap after
{Heap after GC invocations=21 (full 0):
 garbage-first heap   total 189440K, used 88197K [0x0000000080000000, 0x0000000100000000)
  region size 1024K, 10 young (10240K), 10 survivors (10240K)
 Metaspace       used 88245K, capacity 90471K, committed 90572K, reserved 1128448K
  class space    used 11332K, capacity 12146K, committed 12236K, reserved 1048576K
}
Event: 44.813 GC heap before
{Heap before GC invocations=21 (full 0):
 garbage-first heap   total 189440K, used 148613K [0x0000000080000000, 0x0000000100000000)
  region size 1024K, 70 young (71680K), 10 survivors (10240K)
 Metaspace       used 93972K, capacity 96278K, committed 96460K, reserved 1132544K
  class space    used 12081K, capacity 12952K, committed 13004K, reserved 1048576K
}
Event: 44.841 GC heap after
{Heap after GC invocations=22 (full 0):
 garbage-first heap   total 189440K, used 90497K [0x0000000080000000, 0x0000000100000000)
  region size 1024K, 5 young (5120K), 5 survivors (5120K)
 Metaspace       used 93972K, capacity 96278K, committed 96460K, reserved 1132544K
  class space    used 12081K, capacity 12952K, committed 13004K, reserved 1048576K
}
Event: 45.251 GC heap before
{Heap before GC invocations=22 (full 0):
 garbage-first heap   total 189440K, used 95617K [0x0000000080000000, 0x0000000100000000)
  region size 1024K, 12 young (12288K), 5 survivors (5120K)
 Metaspace       used 95412K, capacity 97741K, committed 97868K, reserved 1134592K
  class space    used 12236K, capacity 13099K, committed 13132K, reserved 1048576K
}
Event: 45.281 GC heap after
{Heap after GC invocations=23 (full 0):
 garbage-first heap   total 189440K, used 90744K [0x0000000080000000, 0x0000000100000000)
  region size 1024K, 5 young (5120K), 5 survivors (5120K)
 Metaspace       used 95412K, capacity 97741K, committed 97868K, reserved 1134592K
  class space    used 12236K, capacity 13099K, committed 13132K, reserved 1048576K
}
Event: 50.038 GC heap before
{Heap before GC invocations=24 (full 0):
 garbage-first heap   total 189440K, used 157304K [0x0000000080000000, 0x0000000100000000)
  region size 1024K, 67 young (68608K), 5 survivors (5120K)
 Metaspace       used 97863K, capacity 100163K, committed 100428K, reserved 1136640K
  class space    used 12418K, capacity 13295K, committed 13388K, reserved 1048576K
}
Event: 50.050 GC heap after
{Heap after GC invocations=25 (full 0):
 garbage-first heap   total 189440K, used 90279K [0x0000000080000000, 0x0000000100000000)
  region size 1024K, 4 young (4096K), 4 survivors (4096K)
 Metaspace       used 97863K, capacity 100163K, committed 100428K, reserved 1136640K
  class space    used 12418K, capacity 13295K, committed 13388K, reserved 1048576K
}
Event: 50.264 GC heap before
{Heap before GC invocations=25 (full 0):
 garbage-first heap   total 189440K, used 95399K [0x0000000080000000, 0x0000000100000000)
  region size 1024K, 9 young (9216K), 4 survivors (4096K)
 Metaspace       used 98412K, capacity 100736K, committed 100940K, reserved 1136640K
  class space    used 12495K, capacity 13348K, committed 13388K, reserved 1048576K
}
Event: 50.276 GC heap after
{Heap after GC invocations=26 (full 0):
 garbage-first heap   total 189440K, used 83372K [0x0000000080000000, 0x0000000100000000)
  region size 1024K, 2 young (2048K), 2 survivors (2048K)
 Metaspace       used 98412K, capacity 100736K, committed 100940K, reserved 1136640K
  class space    used 12495K, capacity 13348K, committed 13388K, reserved 1048576K
}
Event: 52.506 GC heap before
{Heap before GC invocations=26 (full 0):
 garbage-first heap   total 189440K, used 153004K [0x0000000080000000, 0x0000000100000000)
  region size 1024K, 71 young (72704K), 2 survivors (2048K)
 Metaspace       used 106486K, capacity 109219K, committed 109260K, reserved 1144832K
  class space    used 13700K, capacity 14769K, committed 14796K, reserved 1048576K
}
Event: 52.536 GC heap after
{Heap after GC invocations=27 (full 0):
 garbage-first heap   total 189440K, used 93978K [0x0000000080000000, 0x0000000100000000)
  region size 1024K, 9 young (9216K), 9 survivors (9216K)
 Metaspace       used 106486K, capacity 109219K, committed 109260K, reserved 1144832K
  class space    used 13700K, capacity 14769K, committed 14796K, reserved 1048576K
}
Event: 53.144 GC heap before
{Heap before GC invocations=27 (full 0):
 garbage-first heap   total 189440K, used 117530K [0x0000000080000000, 0x0000000100000000)
  region size 1024K, 34 young (34816K), 9 survivors (9216K)
 Metaspace       used 107727K, capacity 110601K, committed 110796K, reserved 1144832K
  class space    used 13844K, capacity 14943K, committed 15052K, reserved 1048576K
}
Event: 53.196 GC heap after
{Heap after GC invocations=28 (full 0):
 garbage-first heap   total 189440K, used 95693K [0x0000000080000000, 0x0000000100000000)
  region size 1024K, 4 young (4096K), 4 survivors (4096K)
 Metaspace       used 107727K, capacity 110601K, committed 110796K, reserved 1144832K
  class space    used 13844K, capacity 14943K, committed 15052K, reserved 1048576K
}

